<?xml version="1.0" encoding="UTF-8"?>
<Site BuildName="Win32-mingw32-make"
	BuildStamp="20250716-0230-Experimental"
	Name="Blade_14"
	Generator="ctest-3.30.5-msvc23"
	CompilerName="D:/Software/msys2/ucrt64/bin/g++.exe"
	CompilerVersion="14.2.0"
	OSName="Windows"
	Hostname="Blade_14"
	OSRelease=" Professional"
	OSVersion=" (Build 26100)"
	OSPlatform="x86"
	Is64Bits="1"
	VendorString="AuthenticAMD"
	VendorID="Advanced Micro Devices"
	FamilyID="15"
	ModelID="4"
	ProcessorCacheSize="64"
	NumberOfLogicalCPU="16"
	NumberOfPhysicalCPU="8"
	TotalVirtualMemory="32733"
	TotalPhysicalMemory="28381"
	LogicalProcessorsPerPhysical="2"
	ProcessorClockFrequency="3992"
	>
	<Testing>
		<StartDateTime>Jul 16 23:31 [NON-UTF-8-BYTE-0xD6]й[NON-UTF-8-BYTE-0xFA][NON-UTF-8-BYTE-0xB1][NON-UTF-8-BYTE-0xEA]׼ʱ[NON-UTF-8-BYTE-0xBC][NON-UTF-8-BYTE-0xE4]</StartDateTime>
		<StartTestTime>1752679918</StartTestTime>
		<TestList/>
		<EndDateTime>Jul 16 23:31 [NON-UTF-8-BYTE-0xD6]й[NON-UTF-8-BYTE-0xFA][NON-UTF-8-BYTE-0xB1][NON-UTF-8-BYTE-0xEA]׼ʱ[NON-UTF-8-BYTE-0xBC][NON-UTF-8-BYTE-0xE4]</EndDateTime>
		<EndTestTime>1752679918</EndTestTime>
		<ElapsedMinutes>0</ElapsedMinutes>
	</Testing>
</Site>
